[debug] [2020-09-16T04:51:37.158Z] ----------------------------------------------------------------------
[debug] [2020-09-16T04:51:37.166Z] Command:       C:\Program Files\nodejs\node.exe C:\Users\Mugunthan\AppData\Roaming\npm\node_modules\firebase-tools\lib\bin\firebase.js init
[debug] [2020-09-16T04:51:37.166Z] CLI Version:   8.10.0
[debug] [2020-09-16T04:51:37.166Z] Platform:      win32
[debug] [2020-09-16T04:51:37.166Z] Node Version:  v12.18.3
[debug] [2020-09-16T04:51:37.166Z] Time:          Wed Sep 16 2020 10:21:37 GMT+0530 (India Standard Time)
[debug] [2020-09-16T04:51:37.166Z] ----------------------------------------------------------------------
[debug] [2020-09-16T04:51:37.166Z] 
[debug] [2020-09-16T04:51:37.175Z] > command requires scopes: ["email","openid","https://www.googleapis.com/auth/cloudplatformprojects.readonly","https://www.googleapis.com/auth/firebase","https://www.googleapis.com/auth/cloud-platform"]
[debug] [2020-09-16T04:51:37.175Z] > authorizing via signed-in user
[info] 
     ######## #### ########  ######## ########     ###     ######  ########
     ##        ##  ##     ## ##       ##     ##  ##   ##  ##       ##
     ######    ##  ########  ######   ########  #########  ######  ######
     ##        ##  ##    ##  ##       ##     ## ##     ##       ## ##
     ##       #### ##     ## ######## ########  ##     ##  ######  ########

You're about to initialize a Firebase project in this directory:

  G:\Twitter\twitter-clone

Before we get started, keep in mind:

  * You are initializing in an existing Firebase project directory

